SF:lib\data\models\administrador_model.dart
DA:5,3
DA:7,1
DA:8,2
DA:10,1
DA:11,2
DA:14,1
DA:15,2
LF:7
LH:7
end_of_record
SF:lib\domain\entities\administrador.dart
DA:4,2
LF:1
LH:1
end_of_record
SF:lib\data\models\dosis_model.dart
DA:4,2
DA:10,2
DA:18,2
DA:19,2
DA:20,2
DA:21,2
DA:22,2
DA:23,4
DA:24,2
DA:28,2
DA:29,2
DA:30,2
DA:31,2
DA:32,4
DA:33,2
DA:36,2
DA:38,1
LF:17
LH:17
end_of_record
SF:lib\domain\entities\dosis.dart
DA:8,4
LF:1
LH:1
end_of_record
SF:lib\data\models\enfermero_model.dart
DA:4,3
DA:6,1
DA:7,2
DA:10,1
DA:11,2
LF:5
LH:5
end_of_record
SF:lib\domain\entities\enfermero.dart
DA:4,2
LF:1
LH:1
end_of_record
SF:lib\data\models\medicacion_paciente_f1_model.dart
DA:6,3
DA:13,2
DA:22,1
DA:23,1
DA:24,1
DA:25,1
DA:26,1
DA:27,1
DA:28,1
DA:29,1
DA:32,1
DA:33,1
DA:34,1
DA:35,1
DA:36,1
DA:38,1
DA:39,1
DA:40,1
DA:41,1
DA:45,2
DA:46,2
DA:47,4
DA:48,4
DA:49,4
DA:50,4
DA:51,4
DA:52,4
LF:27
LH:27
end_of_record
SF:lib\domain\entities\medicacion_paciente_f1.dart
DA:9,4
DA:18,1
DA:26,1
DA:27,1
DA:29,0
DA:30,1
DA:31,1
DA:32,1
DA:33,1
LF:9
LH:8
end_of_record
SF:lib\data\models\medicacion_paciente_f2_model.dart
DA:6,3
DA:14,2
DA:23,1
DA:24,1
DA:25,1
DA:26,1
DA:27,1
DA:28,1
DA:29,1
DA:30,1
DA:33,1
DA:34,1
DA:35,1
DA:36,1
DA:37,1
DA:38,2
DA:39,1
DA:40,1
DA:44,2
DA:45,2
DA:46,4
DA:47,4
DA:48,4
DA:49,4
DA:50,4
DA:51,4
LF:26
LH:26
end_of_record
SF:lib\domain\entities\medicacion_paciente_f2.dart
DA:9,4
DA:18,1
DA:26,1
DA:27,1
DA:29,0
DA:30,1
DA:31,1
DA:32,1
DA:33,1
LF:9
LH:8
end_of_record
SF:lib\data\models\medicamento_model.dart
DA:4,2
DA:15,1
DA:28,1
DA:29,1
DA:30,1
DA:31,1
DA:32,1
DA:33,2
DA:34,1
DA:35,1
DA:36,1
DA:37,1
DA:38,2
DA:39,1
DA:43,1
DA:44,1
DA:45,1
DA:46,1
DA:47,1
DA:48,1
DA:49,1
DA:50,1
DA:51,1
DA:52,1
DA:53,1
DA:54,1
LF:26
LH:26
end_of_record
SF:lib\domain\entities\medicamento.dart
DA:13,2
LF:1
LH:1
end_of_record
SF:lib\data\models\paciente_enfermero_model.dart
DA:5,2
DA:9,1
DA:11,1
DA:12,4
DA:14,1
DA:15,1
DA:16,1
DA:17,1
DA:18,1
DA:22,1
DA:23,4
LF:11
LH:11
end_of_record
SF:lib\domain\entities\paciente_enfermero.dart
DA:6,2
LF:1
LH:1
end_of_record
SF:lib\data\models\paciente_model.dart
DA:4,3
DA:11,2
DA:20,2
DA:21,2
DA:22,2
DA:24,2
DA:25,4
DA:27,2
DA:28,2
DA:29,2
DA:30,2
DA:34,2
DA:35,2
DA:36,2
DA:37,3
DA:38,2
DA:39,2
DA:40,2
DA:41,2
LF:19
LH:19
end_of_record
SF:lib\domain\entities\paciente.dart
DA:9,4
LF:1
LH:1
end_of_record
SF:lib\data\models\seguimiento_paciente_model.dart
DA:4,2
DA:10,2
DA:14,2
DA:18,1
DA:19,1
DA:20,1
DA:21,1
DA:22,1
DA:23,2
DA:24,1
DA:28,2
DA:29,2
DA:30,2
DA:31,2
DA:32,4
DA:33,2
DA:36,2
DA:38,1
LF:18
LH:18
end_of_record
SF:lib\domain\entities\seguimiento_paciente.dart
DA:8,3
DA:16,1
DA:23,1
DA:24,1
DA:25,1
DA:27,0
DA:28,1
DA:29,1
LF:8
LH:7
end_of_record
SF:lib\data\models\sintoma_model.dart
DA:5,3
DA:6,2
DA:9,1
DA:10,3
DA:12,2
DA:13,6
DA:16,1
DA:17,3
LF:8
LH:8
end_of_record
SF:lib\domain\entities\sintoma.dart
DA:5,5
LF:1
LH:1
end_of_record
SF:lib\data\models\sintoma_paciente_model.dart
DA:4,1
DA:9,1
DA:16,1
DA:17,1
DA:18,1
DA:19,1
DA:20,1
DA:21,2
DA:25,1
DA:26,1
DA:27,1
DA:28,1
DA:29,1
DA:30,2
LF:14
LH:14
end_of_record
SF:lib\domain\entities\sintoma_paciente.dart
DA:7,1
LF:1
LH:1
end_of_record
SF:lib\data\models\tratamiento_paciente_model.dart
DA:4,2
DA:20,2
DA:38,2
DA:39,2
DA:40,2
DA:41,2
DA:42,2
DA:43,2
DA:44,4
DA:46,2
DA:47,0
DA:49,2
DA:50,2
DA:51,3
DA:52,2
DA:53,2
DA:54,2
DA:55,2
DA:57,2
DA:58,4
DA:61,2
DA:62,0
DA:67,2
DA:68,2
DA:69,2
DA:70,2
DA:71,2
DA:72,2
DA:73,2
DA:74,2
DA:75,2
DA:76,2
DA:77,2
DA:78,2
DA:79,2
DA:80,2
DA:81,2
DA:82,2
DA:83,2
DA:87,2
DA:88,2
DA:89,2
DA:90,2
DA:91,2
DA:92,4
DA:93,2
DA:94,2
DA:95,2
DA:96,2
DA:97,2
DA:98,2
DA:99,2
DA:100,2
DA:101,4
DA:102,2
DA:105,2
DA:106,4
LF:57
LH:55
end_of_record
SF:lib\domain\entities\tratamiento_paciente.dart
DA:18,4
LF:1
LH:1
end_of_record
SF:lib\data\models\usuario_model.dart
DA:4,3
DA:18,3
DA:34,3
DA:35,3
DA:36,3
DA:37,3
DA:38,3
DA:39,3
DA:40,6
DA:41,3
DA:42,3
DA:43,3
DA:44,3
DA:45,3
DA:46,6
DA:47,6
DA:48,3
DA:52,2
DA:53,2
DA:54,2
DA:55,2
DA:56,2
DA:57,4
DA:58,2
DA:59,2
DA:60,2
DA:61,2
DA:62,2
DA:66,2
DA:67,2
DA:68,2
DA:69,1
LF:32
LH:32
end_of_record
SF:lib\domain\entities\usuario.dart
DA:16,5
LF:1
LH:1
end_of_record
SF:lib\data\repositories_impl\asignacion_enfermero_repository_impl.dart
DA:6,1
DA:10,1
DA:11,0
DA:14,1
DA:15,5
DA:17,2
DA:18,5
DA:19,3
DA:21,1
DA:29,1
DA:32,0
DA:34,1
DA:38,1
DA:39,1
DA:42,1
DA:43,1
DA:44,2
DA:48,1
DA:54,2
DA:56,1
DA:57,2
DA:60,1
DA:62,1
DA:64,2
DA:65,1
DA:66,2
DA:70,2
DA:72,1
DA:77,1
DA:79,1
DA:83,2
DA:88,2
DA:91,1
DA:92,3
DA:94,0
DA:100,1
DA:101,2
DA:102,2
DA:107,1
LF:39
LH:36
end_of_record
SF:lib\domain\entities\asignacion_enfermero_resultado.dart
DA:5,1
LF:1
LH:1
end_of_record
SF:lib\data\repositories_impl\dosis_repository_impl.dart
DA:9,1
DA:11,1
DA:13,1
DA:14,1
DA:15,1
DA:16,1
DA:17,1
DA:18,1
DA:19,1
DA:22,1
DA:24,1
DA:26,1
DA:27,1
DA:28,1
DA:29,1
DA:31,1
DA:32,1
DA:33,3
DA:36,1
DA:38,1
DA:41,1
DA:42,1
DA:43,1
DA:44,1
DA:46,1
DA:49,1
DA:51,1
DA:55,1
DA:56,1
DA:57,1
DA:58,1
DA:59,1
DA:60,1
DA:61,1
DA:65,1
DA:71,1
DA:73,1
DA:76,1
DA:77,4
DA:79,1
DA:80,1
DA:82,1
DA:83,1
DA:84,1
DA:85,1
DA:86,2
DA:87,2
DA:89,1
LF:48
LH:48
end_of_record
SF:lib\data\repositories_impl\enfermero_dashboard_repository_impl.dart
DA:11,1
DA:13,1
DA:17,1
DA:18,1
DA:19,1
DA:20,1
DA:23,3
DA:24,1
DA:25,1
DA:27,2
DA:29,1
DA:30,4
DA:32,1
DA:33,1
DA:35,1
DA:37,2
DA:38,1
DA:39,1
DA:40,1
DA:41,1
DA:42,1
DA:44,1
DA:45,1
DA:46,1
DA:49,1
DA:50,1
DA:51,1
DA:62,1
DA:63,1
DA:64,1
DA:66,1
DA:68,1
DA:69,1
DA:71,1
DA:72,1
DA:73,1
DA:74,1
DA:75,1
DA:77,1
DA:78,1
DA:79,1
DA:80,1
DA:81,2
DA:82,2
DA:83,1
DA:86,1
DA:87,1
DA:88,1
DA:89,1
DA:90,1
DA:91,4
DA:94,3
DA:95,1
DA:97,1
DA:98,1
DA:99,1
DA:100,1
DA:101,1
DA:102,1
DA:103,1
DA:107,1
DA:112,1
DA:113,1
DA:116,1
DA:117,1
DA:132,1
DA:138,1
DA:139,4
DA:141,1
DA:142,1
DA:144,1
DA:145,1
DA:146,1
DA:147,1
DA:148,2
DA:149,2
DA:150,1
DA:151,1
DA:154,5
DA:156,1
DA:161,1
DA:162,1
DA:163,1
DA:164,1
DA:165,1
DA:166,1
DA:168,1
DA:173,1
DA:174,1
DA:175,1
DA:176,1
DA:177,1
DA:179,1
DA:180,1
DA:183,4
DA:185,1
DA:186,1
DA:191,1
DA:193,4
DA:197,3
DA:198,1
DA:201,1
DA:208,1
DA:209,1
DA:210,2
DA:213,2
DA:216,1
DA:217,1
DA:219,1
DA:221,1
DA:224,1
DA:225,2
DA:228,2
DA:231,1
DA:233,3
DA:236,1
DA:245,1
LF:117
LH:117
end_of_record
SF:lib\data\models\enfermero_resumen_paciente_model.dart
DA:4,1
LF:1
LH:1
end_of_record
SF:lib\domain\entities\enfermero_resumen_paciente.dart
DA:14,3
DA:28,2
DA:29,4
DA:30,8
DA:33,2
LF:5
LH:5
end_of_record
SF:lib\data\repositories_impl\medicacion_repository_impl.dart
DA:7,1
DA:9,1
DA:12,1
DA:13,1
DA:14,1
DA:15,1
DA:16,1
DA:18,1
DA:19,1
DA:22,1
DA:25,1
DA:28,1
DA:29,1
DA:30,1
DA:31,1
DA:32,1
DA:34,1
DA:35,1
DA:38,1
DA:41,1
DA:44,1
DA:45,1
DA:46,1
DA:47,1
DA:48,1
DA:50,1
DA:51,1
DA:54,1
LF:28
LH:28
end_of_record
SF:lib\data\repositories_impl\paciente_repository_impl.dart
DA:10,1
DA:12,1
DA:14,1
DA:15,1
DA:16,1
DA:17,1
DA:18,1
DA:19,1
DA:20,1
DA:23,4
DA:26,1
DA:29,5
DA:32,1
DA:35,1
DA:38,1
DA:39,1
DA:40,2
DA:41,2
DA:44,1
DA:46,4
LF:20
LH:20
end_of_record
SF:lib\data\repositories_impl\tratamiento_repository_impl.dart
DA:15,1
DA:17,1
DA:19,1
DA:21,1
DA:22,1
DA:23,2
DA:24,1
DA:25,1
DA:26,1
DA:29,1
DA:31,1
DA:32,1
DA:33,1
DA:34,1
DA:35,1
DA:36,1
DA:38,4
DA:41,1
DA:43,1
DA:44,1
DA:45,1
DA:46,1
DA:47,1
DA:48,1
DA:50,4
DA:53,1
DA:55,1
DA:56,1
DA:57,1
DA:58,1
DA:60,4
DA:63,1
DA:70,1
DA:72,1
DA:75,1
DA:78,1
DA:82,1
DA:83,1
DA:84,1
DA:87,1
DA:90,1
DA:91,1
DA:92,1
DA:93,1
DA:94,1
DA:98,1
DA:101,1
DA:104,1
LF:48
LH:48
end_of_record
SF:lib\domain\usecases\asignar_enfermero_automatico_usecase.dart
DA:7,1
DA:9,1
DA:10,2
LF:3
LH:3
end_of_record
SF:lib\data\datasources\remote\supabase\auth_supabase_service.dart
DA:6,0
DA:10,0
DA:15,0
DA:16,0
DA:19,0
DA:23,0
DA:27,0
DA:32,0
DA:33,0
DA:37,0
DA:38,0
DA:41,0
DA:42,0
LF:13
LH:0
end_of_record
SF:lib\data\repositories_impl\usuario_repository_impl.dart
DA:12,1
DA:14,1
DA:17,1
DA:19,1
DA:20,1
DA:21,1
DA:22,1
DA:23,1
DA:24,1
DA:25,1
DA:26,1
DA:27,1
DA:28,1
DA:29,1
DA:34,4
DA:36,1
DA:40,1
DA:41,1
DA:42,1
DA:43,2
DA:44,1
DA:46,1
DA:49,1
DA:51,2
DA:54,1
DA:55,1
DA:56,1
DA:57,1
DA:58,1
DA:60,1
DA:63,1
DA:65,2
DA:68,1
DA:70,2
DA:73,1
DA:75,1
DA:80,1
DA:83,5
DA:86,1
DA:89,1
DA:92,1
DA:93,1
DA:94,2
DA:95,2
DA:98,1
DA:100,1
DA:101,1
DA:102,1
DA:103,1
DA:105,4
DA:108,1
DA:111,1
DA:112,1
DA:113,1
DA:114,1
DA:115,1
DA:117,1
DA:120,1
DA:122,1
DA:127,1
DA:129,4
LF:61
LH:61
end_of_record
SF:lib\domain\usecases\cerrar_sesion_usecase.dart
DA:8,1
DA:11,1
DA:13,3
DA:16,2
DA:17,2
LF:5
LH:5
end_of_record
SF:lib\domain\usecases\iniciar_sesion_usecase.dart
DA:7,1
DA:9,1
DA:12,2
DA:13,3
DA:15,2
DA:16,2
DA:17,1
DA:18,1
DA:21,0
DA:22,0
DA:26,5
DA:28,1
DA:29,1
DA:30,4
DA:31,1
LF:15
LH:13
end_of_record
SF:lib\domain\usecases\iniciar_tratamiento_usecase.dart
DA:10,1
DA:12,1
DA:14,1
DA:15,1
DA:20,1
DA:34,1
DA:44,1
DA:54,1
DA:58,1
DA:63,2
LF:10
LH:10
end_of_record
SF:lib\domain\usecases\obtener_catalogo_sintomas_usecase.dart
DA:7,1
DA:9,1
DA:10,2
LF:3
LH:3
end_of_record
SF:lib\domain\usecases\obtener_dashboard_enfermero_usecase.dart
DA:7,1
DA:9,1
DA:10,2
DA:14,2
DA:15,3
DA:16,1
DA:17,3
LF:7
LH:7
end_of_record
SF:lib\domain\usecases\obtener_dashboard_paciente_usecase.dart
DA:12,1
DA:18,1
DA:20,2
DA:24,4
DA:26,1
DA:27,1
DA:28,1
DA:31,2
DA:33,3
DA:36,2
DA:37,2
DA:44,1
DA:48,1
DA:49,1
DA:51,2
DA:54,2
DA:59,1
DA:60,1
DA:62,2
DA:65,2
DA:71,1
DA:74,3
DA:77,3
DA:80,1
DA:85,1
LF:25
LH:25
end_of_record
SF:lib\presentation\viewmodels\dashboard_resumen_paciente.dart
DA:14,3
LF:1
LH:1
end_of_record
SF:lib\domain\usecases\registrar_paciente_usecase.dart
DA:7,1
DA:9,1
DA:14,1
DA:23,2
LF:4
LH:4
end_of_record
SF:lib\domain\usecases\registrar_seguimiento_clinico_usecase.dart
DA:6,1
DA:8,1
DA:14,2
LF:3
LH:3
end_of_record
SF:lib\domain\usecases\registrar_toma_usecase.dart
DA:7,1
DA:9,1
DA:15,1
DA:23,2
LF:4
LH:4
end_of_record
SF:lib\domain\usecases\registrar_usuario_usecase.dart
DA:8,1
DA:10,1
DA:19,4
DA:22,1
DA:27,1
DA:29,1
DA:38,1
DA:39,1
DA:43,2
LF:9
LH:9
end_of_record
SF:lib\domain\usecases\validar_toma_paciente_enfermero_usecase.dart
DA:6,1
DA:8,1
DA:13,2
LF:3
LH:3
end_of_record
SF:lib\presentation\controllers\dashboard_peciente_controller.dart
DA:8,1
DA:11,2
DA:14,2
DA:17,2
DA:19,1
DA:20,1
DA:21,1
DA:22,1
DA:23,3
DA:26,2
DA:27,2
DA:28,1
DA:29,2
DA:31,1
DA:33,2
DA:34,1
DA:35,3
DA:37,1
DA:38,1
DA:42,1
DA:43,1
DA:44,1
DA:45,1
LF:23
LH:23
end_of_record
SF:lib\presentation\controllers\enfermero_dashboard_controller.dart
DA:15,1
DA:28,2
DA:29,2
DA:30,2
DA:31,2
DA:32,2
DA:34,0
DA:36,0
DA:37,0
DA:39,1
DA:40,1
DA:41,1
DA:42,1
DA:45,3
DA:47,2
DA:48,2
DA:50,1
DA:51,1
DA:55,1
DA:57,3
DA:58,1
DA:61,0
DA:62,0
DA:66,1
DA:72,1
DA:73,1
DA:75,2
DA:80,1
DA:82,1
DA:83,1
DA:87,1
DA:94,1
DA:95,1
DA:97,2
DA:103,1
DA:105,1
DA:106,1
LF:37
LH:32
end_of_record
SF:lib\presentation\controllers\iniciar_tratamiento_controller_helper.dart
DA:11,0
DA:17,0
DA:18,0
DA:19,0
DA:20,0
DA:22,0
DA:30,1
DA:34,0
DA:37,0
DA:38,0
DA:39,0
DA:45,1
DA:46,3
DA:48,1
DA:49,2
DA:55,1
DA:59,0
DA:63,2
DA:64,1
DA:65,1
DA:68,2
DA:70,2
DA:71,1
DA:73,2
DA:74,3
DA:75,2
DA:76,3
LF:27
LH:16
end_of_record
SF:lib\routes\app_routes.dart
DA:49,0
DA:50,0
DA:51,0
DA:52,0
DA:53,0
DA:54,0
DA:55,0
DA:56,0
DA:57,0
DA:58,0
DA:59,0
DA:60,0
DA:61,0
DA:62,0
DA:63,0
DA:64,0
LF:16
LH:0
end_of_record
SF:lib\data\datasources\remote\supabase\asignacion_enfermero_remote_datasource_impl.dart
DA:8,0
DA:10,0
DA:14,0
DA:15,0
DA:16,0
DA:17,0
DA:18,0
DA:21,0
DA:23,0
DA:24,0
DA:25,0
DA:26,0
DA:29,0
DA:31,0
DA:32,0
DA:33,0
DA:34,0
DA:39,0
DA:40,0
DA:41,0
DA:44,0
DA:46,0
DA:47,0
DA:48,0
DA:49,0
DA:51,0
DA:54,0
DA:59,0
DA:65,0
DA:68,0
DA:69,0
DA:70,0
DA:71,0
DA:72,0
DA:74,0
LF:35
LH:0
end_of_record
SF:lib\widgets\dialogo_cargando.dart
DA:6,65
DA:8,0
DA:10,0
DA:11,0
DA:12,0
DA:14,0
DA:17,0
LF:7
LH:1
end_of_record
SF:lib\presentation\controllers\login_controller.dart
DA:21,1
DA:27,1
DA:32,1
DA:35,0
DA:39,2
DA:42,1
DA:43,1
DA:44,1
DA:45,1
DA:46,1
DA:48,1
DA:50,2
DA:52,1
DA:53,2
DA:55,2
DA:56,1
DA:57,1
DA:58,1
DA:59,2
DA:60,2
DA:64,1
DA:65,2
DA:66,2
LF:23
LH:22
end_of_record
SF:lib\presentation\controllers\session_controller.dart
DA:12,1
DA:13,1
DA:17,1
DA:20,0
DA:21,0
DA:29,1
DA:30,1
DA:33,1
DA:34,1
DA:37,0
DA:41,2
DA:42,1
DA:43,2
DA:44,2
DA:46,2
DA:47,1
DA:49,4
DA:53,3
DA:54,3
DA:55,3
DA:56,3
DA:57,4
DA:58,1
DA:59,1
DA:61,1
LF:25
LH:22
end_of_record
SF:lib\presentation\controllers\registrar_toma_controller.dart
DA:16,1
DA:20,0
DA:21,0
DA:24,0
DA:25,0
DA:26,0
DA:30,0
DA:31,0
DA:32,0
DA:33,0
DA:36,0
DA:37,0
DA:38,0
DA:41,0
DA:42,0
DA:43,0
DA:44,0
DA:46,0
DA:47,0
DA:48,0
DA:49,0
DA:50,0
DA:51,0
DA:54,0
DA:59,0
DA:60,0
DA:61,0
DA:62,0
DA:63,0
DA:65,0
DA:68,0
DA:72,0
DA:73,0
DA:74,0
DA:75,0
DA:78,0
DA:79,0
DA:80,0
DA:81,0
DA:82,0
DA:84,0
DA:87,0
DA:88,0
DA:89,0
DA:90,0
DA:93,0
DA:95,0
DA:98,0
DA:99,0
DA:100,0
DA:101,0
DA:102,0
DA:105,1
DA:106,1
DA:109,0
DA:113,2
DA:114,1
DA:116,1
DA:118,1
DA:119,1
DA:120,1
DA:122,1
DA:124,1
DA:125,3
DA:126,1
DA:127,2
DA:139,1
DA:144,2
DA:147,1
DA:151,1
DA:152,1
DA:154,1
DA:158,1
DA:159,2
DA:161,1
DA:162,1
DA:164,1
DA:165,1
DA:167,1
DA:168,1
DA:172,1
DA:173,1
DA:175,1
DA:176,1
DA:178,1
DA:179,1
DA:184,1
DA:185,1
DA:189,3
DA:190,3
DA:191,1
DA:192,2
DA:193,3
LF:93
LH:41
end_of_record
SF:lib\presentation\features\tratamiento\pages\fase_intensiva_terminada_pantalla.dart
DA:6,33
DA:8,2
DA:10,2
DA:12,2
DA:13,2
DA:14,2
DA:16,2
DA:18,2
DA:19,2
DA:47,2
DA:50,2
DA:51,2
DA:53,2
DA:54,2
DA:57,0
DA:58,0
DA:59,0
DA:61,0
DA:62,0
DA:64,0
LF:20
LH:14
end_of_record
SF:lib\presentation\features\tratamiento\pages\tratamiento_terminado_pantalla.dart
DA:6,33
DA:8,2
DA:10,2
DA:12,2
DA:13,2
DA:14,2
DA:16,2
DA:18,2
DA:19,2
DA:47,2
DA:50,2
DA:51,2
DA:53,2
DA:54,2
DA:57,0
DA:58,0
DA:59,0
DA:61,0
DA:62,0
DA:64,0
LF:20
LH:14
end_of_record
SF:lib\presentation\controllers\resumen_fase_controller.dart
DA:8,1
DA:14,2
DA:15,2
DA:16,2
DA:18,1
DA:19,1
DA:20,1
DA:21,1
DA:24,2
DA:25,1
DA:27,2
DA:28,1
DA:30,1
DA:31,1
DA:35,3
DA:37,3
DA:39,1
DA:40,2
DA:41,3
DA:42,3
DA:46,7
DA:47,1
DA:50,1
DA:51,2
DA:52,13
DA:53,1
LF:26
LH:26
end_of_record
SF:lib\presentation\features\auth\pages\cambiar_contrasena_pantalla.dart
DA:7,32
DA:9,0
DA:11,0
DA:25,0
DA:27,0
DA:28,0
DA:29,0
DA:30,0
DA:33,0
DA:34,0
DA:36,0
DA:39,0
DA:40,0
DA:41,0
DA:44,0
DA:50,0
DA:51,0
DA:54,0
DA:55,0
DA:56,0
DA:62,0
DA:63,0
DA:64,0
DA:65,0
DA:67,0
DA:68,0
DA:69,0
DA:72,0
DA:73,0
DA:74,0
DA:77,0
DA:81,0
DA:83,0
DA:85,0
DA:87,0
DA:93,0
DA:94,0
DA:96,0
DA:97,0
DA:99,0
DA:100,0
DA:101,0
DA:109,0
DA:111,0
DA:114,0
DA:115,0
DA:116,0
DA:117,0
DA:118,0
DA:119,0
DA:121,0
DA:122,0
DA:123,0
DA:124,0
DA:127,0
DA:128,0
DA:135,0
DA:136,0
DA:138,0
DA:139,0
DA:140,0
DA:141,0
DA:144,0
DA:145,0
DA:148,0
DA:151,0
DA:158,0
DA:159,0
DA:161,0
DA:162,0
DA:163,0
DA:164,0
DA:167,0
DA:168,0
DA:171,0
DA:181,0
DA:184,0
DA:185,0
DA:186,0
DA:189,0
DA:190,0
DA:193,0
DA:215,0
DA:222,0
DA:225,0
DA:227,0
DA:228,0
DA:229,0
LF:88
LH:1
end_of_record
SF:lib\presentation\features\auth\pages\confirmar_correo_pantalla.dart
DA:8,17
DA:10,1
DA:12,1
DA:18,0
DA:19,0
DA:20,0
DA:23,0
DA:33,0
DA:38,0
DA:40,0
DA:41,0
DA:42,0
DA:43,0
DA:44,0
DA:46,0
DA:50,0
DA:58,0
DA:59,0
DA:60,0
DA:67,1
DA:68,3
DA:69,3
DA:78,1
DA:80,1
DA:82,1
DA:83,1
DA:85,1
DA:87,1
DA:89,1
DA:90,1
DA:91,1
DA:109,1
DA:112,1
DA:113,1
DA:114,1
DA:117,1
DA:118,1
DA:128,1
DA:129,1
LF:39
LH:23
end_of_record
SF:lib\presentation\features\perfil\pages\completar_perfil_pantalla.dart
DA:18,16
DA:20,0
DA:22,0
DA:42,0
DA:43,0
DA:45,0
DA:46,0
DA:47,0
DA:51,0
DA:55,0
DA:56,0
DA:57,0
DA:61,0
DA:65,0
DA:66,0
DA:67,0
DA:68,0
DA:69,0
DA:70,0
DA:74,0
DA:75,0
DA:78,0
DA:79,0
DA:80,0
DA:84,0
DA:89,0
DA:90,0
DA:91,0
DA:92,0
DA:93,0
DA:94,0
DA:95,0
DA:96,0
DA:99,0
DA:100,0
DA:101,0
DA:102,0
DA:109,0
DA:110,0
DA:113,0
DA:116,0
DA:123,0
DA:126,0
DA:128,0
DA:129,0
DA:130,0
DA:132,0
DA:139,0
DA:141,0
DA:142,0
DA:148,0
DA:150,0
DA:151,0
DA:152,0
DA:153,0
DA:154,0
DA:155,0
DA:156,0
DA:159,0
DA:161,0
DA:163,0
DA:165,0
DA:166,0
DA:168,0
DA:169,0
DA:170,0
DA:171,0
DA:178,0
DA:179,0
DA:181,0
DA:188,0
DA:189,0
DA:190,0
DA:193,0
DA:198,0
DA:199,0
DA:200,0
DA:201,0
DA:202,0
DA:204,0
DA:205,0
DA:206,0
DA:207,0
DA:208,0
DA:231,0
DA:232,0
DA:235,0
DA:239,0
DA:240,0
DA:247,0
DA:248,0
DA:253,0
DA:254,0
DA:255,0
DA:260,0
DA:261,0
DA:263,0
DA:265,0
DA:271,0
DA:272,0
DA:291,0
DA:292,0
DA:295,0
DA:300,0
DA:301,0
DA:302,0
DA:303,0
DA:309,0
DA:310,0
DA:315,0
DA:316,0
DA:323,0
DA:324,0
DA:329,0
DA:330,0
DA:336,0
DA:337,0
DA:342,0
DA:343,0
DA:350,0
DA:351,0
DA:362,0
DA:365,0
DA:367,0
DA:368,0
DA:371,0
DA:372,0
DA:375,0
DA:376,0
LF:129
LH:1
end_of_record
SF:lib\presentation\features\auth\pages\formulario_registro_pantalla.dart
DA:9,32
DA:11,0
DA:12,0
DA:28,0
DA:30,0
DA:31,0
DA:32,0
DA:33,0
DA:34,0
DA:37,0
DA:38,0
DA:39,0
DA:40,0
DA:41,0
DA:44,0
DA:46,0
DA:47,0
DA:49,0
DA:50,0
DA:51,0
DA:52,0
DA:56,0
DA:57,0
DA:58,0
DA:63,0
DA:65,0
DA:67,0
DA:68,0
DA:70,0
DA:72,0
DA:74,0
DA:75,0
DA:76,0
DA:93,0
DA:94,0
DA:95,0
DA:96,0
DA:97,0
DA:98,0
DA:102,0
DA:103,0
DA:107,0
DA:108,0
DA:110,0
DA:111,0
DA:112,0
DA:114,0
DA:117,0
DA:118,0
DA:120,0
DA:121,0
DA:122,0
DA:123,0
DA:124,0
DA:125,0
DA:128,0
DA:129,0
DA:130,0
DA:137,0
DA:138,0
DA:139,0
DA:140,0
DA:141,0
DA:142,0
DA:143,0
DA:148,0
DA:149,0
DA:150,0
DA:157,0
DA:158,0
DA:166,0
DA:167,0
DA:168,0
DA:170,0
DA:172,0
DA:185,0
DA:188,0
DA:189,0
DA:192,0
DA:193,0
DA:196,0
DA:214,0
DA:222,0
DA:225,0
DA:227,0
DA:230,0
DA:231,0
DA:238,0
DA:239,0
DA:240,0
LF:90
LH:1
end_of_record
SF:lib\presentation\features\legal\pages\tratamiento_datos_pantalla.dart
DA:4,33
DA:6,1
DA:8,1
DA:9,1
DA:14,1
DA:15,1
DA:17,1
DA:19,1
DA:29,1
DA:31,1
DA:33,1
LF:11
LH:11
end_of_record
SF:lib\presentation\features\auth\pages\ingresar_pantalla.dart
DA:11,32
DA:13,0
DA:14,0
DA:26,0
DA:28,0
DA:29,0
DA:30,0
DA:31,0
DA:33,0
DA:34,0
DA:38,0
DA:40,0
DA:41,0
DA:42,0
DA:45,0
DA:46,0
DA:47,0
DA:48,0
DA:49,0
DA:50,0
DA:55,0
DA:57,0
DA:59,0
DA:60,0
DA:62,0
DA:63,0
DA:65,0
DA:68,0
DA:70,0
DA:71,0
DA:72,0
DA:73,0
DA:79,0
DA:80,0
DA:82,0
DA:83,0
DA:84,0
DA:101,0
DA:102,0
DA:103,0
DA:104,0
DA:105,0
DA:106,0
DA:107,0
DA:111,0
DA:112,0
DA:116,0
DA:117,0
DA:124,0
DA:125,0
DA:126,0
DA:127,0
DA:131,0
DA:132,0
DA:135,0
DA:136,0
DA:137,0
DA:141,0
DA:142,0
DA:143,0
DA:148,0
DA:149,0
DA:156,0
DA:159,0
DA:160,0
DA:163,0
DA:164,0
DA:167,0
DA:168,0
DA:169,0
DA:184,0
DA:185,0
DA:186,0
DA:187,0
DA:189,0
DA:191,0
LF:76
LH:1
end_of_record
SF:lib\presentation\features\auth\pages\recuperar_contrasena_pantalla.dart
DA:6,33
DA:8,1
DA:10,1
DA:19,1
DA:21,2
DA:22,1
DA:25,1
DA:26,3
DA:28,0
DA:29,0
DA:32,0
DA:33,0
DA:34,0
DA:35,0
DA:41,0
DA:43,0
DA:44,0
DA:45,0
DA:46,0
DA:51,0
DA:55,1
DA:57,1
DA:59,1
DA:61,1
DA:67,1
DA:68,1
DA:70,1
DA:72,1
DA:74,1
DA:75,1
DA:76,1
DA:84,1
DA:86,2
DA:95,1
DA:96,1
DA:97,1
DA:98,1
DA:103,1
DA:104,1
DA:107,1
DA:108,1
DA:116,1
DA:119,1
DA:120,2
DA:121,1
DA:124,1
DA:125,1
DA:128,1
DA:144,1
DA:145,2
LF:50
LH:38
end_of_record
SF:lib\presentation\features\autochequeo\pages\chequeo_negativo_pantalla.dart
DA:6,17
DA:8,0
DA:10,0
DA:12,0
DA:16,1
DA:18,1
DA:20,1
DA:21,1
DA:22,1
DA:24,1
DA:26,1
DA:27,1
DA:55,1
DA:58,1
DA:59,1
DA:61,1
DA:62,1
DA:65,0
DA:66,0
DA:67,0
LF:20
LH:14
end_of_record
SF:lib\presentation\features\inicio\pages\inicio_usuario_pantalla.dart
DA:18,112
DA:20,0
DA:21,0
DA:28,0
DA:30,0
DA:31,0
DA:34,0
DA:35,0
DA:38,0
DA:39,0
DA:40,0
DA:43,0
DA:44,0
DA:45,0
DA:46,0
DA:47,0
DA:48,0
DA:49,0
DA:50,0
DA:52,0
DA:57,0
DA:58,0
DA:59,0
DA:60,0
DA:61,0
DA:64,0
DA:67,0
DA:68,0
DA:69,0
DA:70,0
DA:71,0
DA:75,0
DA:76,0
DA:79,0
DA:80,0
DA:81,0
DA:82,0
DA:83,0
DA:87,0
DA:88,0
DA:89,0
DA:90,0
DA:91,0
DA:94,0
DA:98,0
DA:99,0
DA:100,0
DA:101,0
DA:102,0
DA:103,0
DA:104,0
DA:108,0
DA:109,0
DA:110,0
DA:111,0
DA:112,0
DA:113,0
DA:115,0
DA:116,0
DA:117,0
DA:118,0
DA:123,0
DA:125,0
DA:126,0
DA:128,0
DA:135,0
DA:136,0
DA:137,0
DA:138,0
DA:140,0
DA:142,0
DA:144,0
DA:152,0
DA:153,0
DA:154,0
DA:155,0
DA:156,0
DA:157,0
DA:158,0
DA:159,0
DA:160,0
DA:163,0
DA:164,0
DA:165,0
DA:166,0
DA:176,0
DA:177,0
DA:178,0
DA:181,0
DA:192,0
DA:193,0
DA:195,0
DA:196,0
DA:197,0
DA:207,0
DA:208,0
DA:222,0
DA:223,0
DA:225,0
DA:226,0
DA:229,0
DA:230,0
DA:231,0
DA:232,0
DA:234,0
DA:235,0
DA:240,0
DA:243,0
DA:244,0
DA:245,0
DA:246,0
DA:248,0
DA:249,0
DA:255,0
DA:258,0
DA:259,0
DA:260,0
DA:261,0
DA:267,0
DA:269,0
DA:271,0
DA:274,0
DA:283,0
DA:290,0
DA:291,0
DA:292,0
DA:294,0
DA:301,0
DA:302,0
DA:304,0
DA:306,0
DA:307,0
DA:308,0
DA:330,0
DA:331,0
DA:332,0
DA:334,0
DA:335,0
DA:336,0
DA:337,0
DA:343,0
DA:353,0
DA:355,0
DA:366,0
DA:367,0
DA:369,0
DA:371,0
DA:373,0
DA:374,0
DA:377,0
DA:378,0
DA:379,0
DA:381,0
DA:383,0
DA:388,0
DA:391,0
DA:392,0
DA:393,0
DA:395,0
DA:397,0
DA:410,0
DA:416,0
DA:418,0
DA:419,0
DA:422,0
DA:424,0
DA:426,0
DA:429,0
DA:430,0
DA:439,0
DA:441,0
DA:458,0
DA:459,0
DA:461,0
DA:462,0
DA:463,0
DA:467,0
DA:468,0
DA:469,0
DA:470,0
DA:472,0
DA:473,0
DA:475,0
DA:479,0
DA:483,0
DA:484,0
DA:485,0
DA:486,0
DA:488,0
DA:489,0
DA:491,0
DA:495,0
DA:499,0
DA:500,0
DA:501,0
DA:503,0
DA:504,0
DA:514,0
DA:521,0
DA:523,0
DA:524,0
DA:526,0
DA:530,0
DA:532,0
DA:534,0
DA:535,0
DA:537,0
DA:539,0
DA:540,0
DA:554,0
DA:557,0
LF:211
LH:1
end_of_record
SF:lib\presentation\features\autochequeo\pages\chequeo_positivo_pantalla.dart
DA:6,17
DA:8,0
DA:10,0
DA:12,0
DA:16,1
DA:18,1
DA:20,1
DA:21,1
DA:22,1
DA:24,1
DA:26,1
DA:27,1
DA:55,1
DA:58,1
DA:59,1
DA:61,1
DA:62,1
DA:65,0
DA:66,0
DA:67,0
LF:20
LH:14
end_of_record
SF:lib\presentation\features\autochequeo\pages\modulo_autochequeo_pantalla.dart
DA:8,32
DA:10,0
DA:12,0
DA:27,0
DA:29,0
DA:30,0
DA:33,0
DA:34,0
DA:35,0
DA:38,0
DA:39,0
DA:42,0
DA:43,0
DA:46,0
DA:47,0
DA:48,0
DA:49,0
DA:50,0
DA:52,0
DA:54,0
DA:56,0
DA:57,0
DA:58,0
DA:59,0
DA:64,0
DA:65,0
DA:67,0
DA:68,0
DA:69,0
DA:72,0
DA:73,0
DA:74,0
DA:75,0
DA:76,0
DA:77,0
DA:78,0
DA:80,0
DA:81,0
DA:82,0
DA:84,0
DA:89,0
DA:90,0
DA:91,0
DA:92,0
DA:93,0
DA:106,0
DA:107,0
DA:108,0
DA:111,0
DA:115,0
DA:118,0
DA:119,0
DA:122,0
DA:123,0
DA:124,0
DA:125,0
DA:127,0
DA:130,0
DA:131,0
DA:132,0
DA:133,0
DA:137,0
DA:138,0
DA:140,0
DA:144,0
DA:145,0
DA:150,0
DA:151,0
DA:155,0
DA:156,0
DA:157,0
DA:158,0
DA:159,0
DA:165,0
DA:166,0
DA:167,0
DA:169,0
DA:173,0
DA:175,0
DA:181,0
DA:182,0
DA:183,0
DA:185,0
DA:186,0
DA:187,0
DA:189,0
DA:191,0
DA:192,0
DA:194,0
DA:195,0
DA:196,0
DA:197,0
DA:204,0
DA:205,0
DA:207,0
DA:214,0
DA:215,0
DA:219,0
DA:224,0
DA:225,0
DA:226,0
DA:228,0
DA:229,0
DA:230,0
DA:231,0
DA:233,0
DA:234,0
DA:235,0
DA:237,0
DA:238,0
DA:239,0
DA:241,0
DA:245,0
DA:258,0
DA:260,0
DA:261,0
DA:262,0
DA:267,0
DA:268,0
DA:269,0
DA:270,0
DA:271,0
DA:272,0
DA:274,0
DA:275,0
DA:279,0
DA:281,0
DA:283,0
DA:284,0
DA:285,0
DA:287,0
DA:294,0
DA:295,0
DA:296,0
DA:297,0
DA:298,0
DA:299,0
DA:302,0
DA:304,0
DA:305,0
DA:306,0
DA:308,0
DA:312,0
DA:318,0
DA:321,0
DA:322,0
DA:324,0
DA:325,0
DA:328,0
DA:329,0
DA:332,0
DA:341,0
LF:152
LH:1
end_of_record
SF:lib\presentation\features\bienvenida\pages\bienvenida_pantalla.dart
DA:7,33
DA:9,1
DA:11,1
DA:13,1
DA:14,1
DA:16,1
DA:17,1
DA:18,1
DA:19,1
DA:21,1
DA:22,1
DA:23,1
DA:24,1
DA:36,1
DA:38,1
DA:39,1
DA:40,1
DA:43,1
DA:44,1
DA:45,1
DA:47,1
DA:48,1
DA:51,1
DA:52,1
DA:54,1
DA:56,1
DA:57,2
DA:68,1
DA:69,0
DA:71,0
DA:73,0
DA:74,0
DA:78,1
LF:33
LH:29
end_of_record
SF:lib\presentation\features\bienvenida\pages\mensaje_bienvenida_pantalla.dart
DA:6,1
DA:8,1
DA:10,1
DA:38,0
DA:39,0
DA:40,0
DA:41,0
DA:42,0
DA:43,0
DA:46,0
DA:53,1
DA:55,1
DA:57,1
DA:58,1
DA:59,1
DA:60,1
DA:61,1
DA:62,1
DA:63,2
DA:64,0
DA:65,0
DA:67,1
DA:68,2
DA:69,1
DA:74,1
DA:76,1
DA:77,1
DA:78,1
DA:87,1
DA:88,1
DA:93,1
DA:94,1
DA:108,1
DA:110,1
DA:111,2
DA:112,2
DA:116,2
DA:117,1
DA:119,2
DA:121,1
DA:122,1
DA:128,1
DA:130,1
DA:133,1
DA:134,1
DA:135,1
DA:138,1
DA:139,1
DA:142,1
DA:143,5
LF:50
LH:41
end_of_record
SF:lib\presentation\features\educativo\modal_educativo.dart
DA:4,0
DA:9,0
DA:12,0
DA:24,0
DA:29,0
DA:30,0
DA:37,0
DA:39,0
DA:40,0
DA:41,0
DA:44,0
DA:46,0
DA:49,0
DA:50,0
DA:51,0
DA:52,0
DA:53,0
DA:54,0
DA:55,0
DA:56,0
DA:57,0
DA:58,0
DA:62,0
DA:63,0
DA:64,0
DA:73,0
DA:77,0
DA:78,0
DA:83,0
DA:85,0
DA:87,0
DA:88,0
DA:105,0
DA:106,0
DA:107,0
DA:108,0
DA:109,0
DA:110,0
DA:111,0
DA:115,0
DA:116,0
DA:119,0
DA:120,0
DA:121,0
DA:122,0
DA:123,0
DA:124,0
DA:129,0
DA:130,0
DA:131,0
DA:135,0
DA:137,0
DA:138,0
DA:139,0
DA:140,0
DA:145,0
DA:146,0
DA:147,0
DA:150,0
DA:151,0
DA:164,0
DA:169,0
DA:176,0
DA:177,0
DA:183,0
DA:185,0
DA:187,0
DA:188,0
DA:189,0
DA:201,0
DA:202,0
DA:204,0
DA:205,0
DA:206,0
DA:207,0
DA:209,0
DA:210,0
DA:212,0
DA:213,0
DA:214,0
DA:218,0
DA:220,0
DA:221,0
DA:222,0
DA:244,0
DA:251,0
DA:252,0
DA:258,0
DA:260,0
DA:261,0
DA:263,0
DA:264,0
DA:266,0
DA:268,0
DA:270,0
DA:271,0
DA:272,0
DA:283,0
DA:284,0
DA:285,0
DA:287,0
DA:288,0
DA:289,0
DA:291,0
DA:293,0
DA:294,0
DA:297,0
DA:299,0
DA:301,0
DA:303,0
DA:306,0
DA:307,0
DA:308,0
DA:309,0
DA:321,0
DA:322,0
DA:331,0
DA:332,0
DA:334,0
DA:336,0
DA:337,0
DA:338,0
DA:339,0
DA:340,0
DA:348,0
DA:349,0
LF:126
LH:0
end_of_record
SF:lib\presentation\features\educativo\modulo_educativo_pantalla.dart
DA:6,16
DA:8,0
DA:10,0
DA:25,0
DA:27,0
DA:28,0
DA:31,0
DA:33,0
DA:34,0
DA:37,0
DA:39,0
DA:41,0
DA:43,0
DA:45,0
DA:52,0
DA:54,0
DA:56,0
DA:58,0
DA:60,0
DA:67,0
DA:69,0
DA:71,0
DA:77,0
DA:78,0
DA:79,0
DA:80,0
DA:81,0
DA:84,0
DA:86,0
DA:87,0
DA:89,0
DA:91,0
DA:93,0
DA:103,0
DA:104,0
DA:105,0
DA:106,0
DA:107,0
DA:108,0
DA:109,0
DA:110,0
DA:111,0
DA:112,0
DA:114,0
DA:119,0
DA:121,0
DA:122,0
DA:128,0
DA:130,0
DA:132,0
DA:133,0
DA:134,0
DA:137,0
DA:139,0
DA:144,0
DA:148,0
DA:159,0
DA:160,0
DA:162,0
DA:163,0
DA:166,0
DA:167,0
DA:181,0
DA:196,0
DA:197,0
DA:198,0
DA:215,0
DA:217,0
DA:219,0
DA:221,0
DA:222,0
DA:223,0
DA:225,0
DA:228,0
DA:229,0
DA:230,0
LF:76
LH:1
end_of_record
SF:lib\services\modulo_educativo_service.dart
DA:5,0
DA:6,0
DA:9,0
LF:3
LH:0
end_of_record
SF:lib\presentation\features\enfermero\pages\detalle_paciente_enfermero_pantalla.dart
DA:10,0
DA:12,0
DA:14,0
DA:19,0
DA:21,0
DA:22,0
DA:23,0
DA:27,0
DA:29,0
DA:31,0
DA:32,0
DA:38,0
DA:39,0
DA:40,0
DA:42,0
DA:43,0
DA:44,0
DA:45,0
DA:48,0
DA:50,0
DA:52,0
DA:53,0
DA:55,0
DA:57,0
DA:59,0
DA:61,0
DA:63,0
DA:65,0
DA:67,0
DA:70,0
DA:73,0
DA:74,0
DA:83,0
DA:84,0
DA:86,0
DA:88,0
DA:89,0
DA:91,0
DA:92,0
DA:101,0
DA:104,0
DA:106,0
DA:113,0
DA:124,0
DA:127,0
DA:130,0
DA:132,0
DA:134,0
DA:143,0
DA:145,0
DA:152,0
DA:153,0
DA:154,0
DA:157,0
DA:158,0
DA:165,0
DA:166,0
DA:167,0
DA:171,0
DA:172,0
DA:174,0
DA:178,0
DA:179,0
DA:183,0
DA:184,0
DA:186,0
DA:190,0
DA:191,0
DA:192,0
DA:195,0
DA:198,0
DA:200,0
DA:202,0
DA:204,0
DA:205,0
DA:207,0
DA:208,0
DA:224,0
DA:225,0
DA:226,0
DA:230,0
DA:231,0
DA:232,0
DA:233,0
DA:234,0
DA:236,0
DA:246,0
DA:247,0
DA:248,0
DA:251,0
DA:252,0
DA:260,0
DA:262,0
DA:263,0
DA:267,0
DA:270,0
DA:272,0
DA:275,0
DA:277,0
DA:278,0
DA:282,0
DA:283,0
DA:284,0
DA:287,0
DA:291,0
DA:292,0
DA:294,0
DA:296,0
DA:298,0
DA:300,0
DA:301,0
DA:306,0
DA:312,0
DA:313,0
DA:316,0
DA:318,0
DA:320,0
DA:322,0
DA:323,0
DA:324,0
LF:120
LH:0
end_of_record
SF:lib\presentation\features\enfermero\pages\inicio_enfermero_pantalla.dart
DA:9,16
DA:11,0
DA:12,0
DA:16,0
DA:18,0
DA:19,0
DA:20,0
DA:22,0
DA:29,0
DA:31,0
DA:33,0
DA:34,0
DA:40,0
DA:41,0
DA:42,0
DA:43,0
DA:49,0
DA:50,0
DA:54,0
DA:60,0
DA:62,0
DA:64,0
DA:65,0
DA:66,0
DA:72,0
DA:73,0
DA:74,0
DA:75,0
DA:84,0
DA:89,0
DA:90,0
DA:94,0
DA:95,0
DA:96,0
DA:98,0
DA:103,0
DA:109,0
DA:110,0
DA:111,0
DA:113,0
DA:116,0
DA:117,0
DA:118,0
DA:119,0
DA:120,0
DA:122,0
DA:123,0
DA:125,0
DA:127,0
LF:49
LH:1
end_of_record
SF:lib\presentation\features\enfermero\widgets\tarjeta_paciente_enfermero.dart
DA:8,0
DA:14,0
DA:17,0
DA:19,0
DA:22,0
DA:24,0
DA:25,0
DA:26,0
DA:27,0
DA:29,0
DA:31,0
DA:32,0
DA:33,0
DA:34,0
DA:35,0
DA:36,0
DA:44,0
DA:49,0
DA:50,0
DA:51,0
DA:53,0
DA:54,0
DA:55,0
DA:64,0
DA:65,0
DA:69,0
DA:72,0
DA:73,0
DA:74,0
DA:75,0
DA:77,0
DA:78,0
DA:80,0
DA:82,0
DA:83,0
DA:87,0
DA:98,0
DA:99,0
DA:101,0
DA:103,0
DA:105,0
LF:41
LH:0
end_of_record
SF:lib\presentation\features\tratamiento\pages\registrar_toma_pantalla.dart
DA:7,16
DA:9,0
DA:11,0
DA:12,0
DA:14,0
DA:16,0
DA:17,0
DA:18,0
DA:20,0
DA:21,0
DA:28,0
DA:29,0
DA:30,0
DA:31,0
DA:33,0
DA:35,0
DA:37,0
DA:45,0
DA:46,0
DA:47,0
DA:48,0
DA:59,0
DA:60,0
DA:61,0
DA:64,0
DA:70,0
DA:79,0
DA:80,0
DA:81,0
DA:83,0
DA:85,0
DA:92,0
DA:93,0
DA:95,0
DA:97,0
DA:100,0
DA:102,0
DA:103,0
DA:107,0
DA:120,0
DA:121,0
DA:123,0
DA:126,0
DA:127,0
DA:129,0
DA:130,0
DA:133,0
DA:134,0
LF:48
LH:1
end_of_record
SF:lib\presentation\features\tratamiento\pages\resumen_dosis_paciente_pantalla.dart
DA:7,16
DA:9,0
DA:11,0
DA:12,0
DA:14,0
DA:24,0
DA:25,0
DA:28,0
DA:30,0
DA:36,0
DA:38,0
DA:40,0
DA:42,0
DA:48,0
DA:49,0
DA:63,0
DA:65,0
DA:71,0
DA:72,0
DA:79,0
DA:80,0
DA:84,0
DA:85,0
DA:86,0
DA:94,0
DA:95,0
DA:103,0
DA:104,0
DA:106,0
DA:107,0
DA:109,0
DA:110,0
DA:112,0
DA:113,0
DA:115,0
DA:116,0
DA:121,0
DA:123,0
DA:129,0
DA:131,0
DA:132,0
DA:134,0
DA:137,0
DA:139,0
DA:149,0
DA:154,0
DA:155,0
DA:158,0
DA:160,0
DA:161,0
DA:162,0
DA:163,0
DA:169,0
DA:171,0
DA:172,0
DA:174,0
DA:183,0
LF:57
LH:1
end_of_record
SF:lib\presentation\features\tratamiento\pages\resumen_fase_paciente_pantalla.dart
DA:7,16
DA:9,0
DA:11,0
DA:16,0
DA:18,0
DA:19,0
DA:20,0
DA:21,0
DA:26,0
DA:30,0
DA:32,0
DA:34,0
DA:38,0
DA:44,0
DA:45,0
DA:46,0
DA:47,0
DA:48,0
DA:50,0
DA:52,0
DA:58,0
DA:60,0
DA:62,0
DA:76,0
DA:78,0
DA:88,0
DA:97,0
DA:98,0
DA:99,0
DA:100,0
DA:110,0
DA:111,0
DA:113,0
DA:114,0
DA:116,0
DA:117,0
DA:119,0
DA:122,0
DA:124,0
DA:130,0
DA:132,0
DA:133,0
DA:138,0
DA:153,0
DA:158,0
DA:159,0
DA:162,0
DA:164,0
DA:165,0
DA:166,0
DA:167,0
DA:173,0
DA:175,0
DA:176,0
DA:178,0
DA:187,0
LF:56
LH:1
end_of_record
SF:lib\presentation\features\perfil\pages\perfil_pantalla.dart
DA:9,16
DA:11,0
DA:13,0
DA:14,0
DA:15,0
DA:16,0
DA:17,0
DA:20,0
DA:21,0
DA:28,0
DA:29,0
DA:30,0
DA:32,0
DA:33,0
DA:34,0
DA:35,0
DA:38,0
DA:49,0
DA:58,0
DA:71,0
DA:74,0
DA:75,0
DA:76,0
DA:78,0
DA:79,0
DA:84,0
DA:87,0
DA:88,0
DA:89,0
DA:91,0
DA:92,0
DA:97,0
DA:100,0
DA:101,0
DA:102,0
DA:104,0
DA:105,0
DA:111,0
DA:113,0
DA:115,0
DA:118,0
DA:128,0
DA:133,0
DA:135,0
DA:139,0
DA:141,0
DA:143,0
DA:144,0
DA:145,0
DA:147,0
DA:148,0
LF:51
LH:1
end_of_record
SF:lib\presentation\features\legal\pages\terminos_condiciones_pantalla.dart
DA:4,17
DA:6,1
DA:8,1
DA:9,1
DA:14,1
DA:15,1
DA:17,1
LF:7
LH:7
end_of_record
SF:lib\services\notificaciones_service.dart
DA:6,0
DA:7,0
DA:12,0
DA:13,0
DA:17,0
DA:20,0
DA:21,0
DA:24,0
DA:27,0
DA:28,0
DA:29,0
DA:30,0
DA:31,0
DA:35,0
DA:36,0
DA:40,0
DA:41,0
DA:50,0
DA:51,0
DA:55,0
DA:56,0
DA:65,0
DA:66,0
DA:70,0
DA:71,0
DA:79,0
DA:89,0
DA:90,0
DA:91,0
DA:92,0
DA:93,0
DA:94,0
DA:95,0
DA:99,0
DA:100,0
DA:105,0
DA:110,0
DA:111,0
DA:112,0
LF:39
LH:0
end_of_record
SF:lib\presentation\features\perfil\pages\perfil_completado_pantalla.dart
DA:9,16
DA:15,0
DA:18,0
DA:19,0
DA:20,0
DA:21,0
DA:23,0
DA:25,0
DA:26,0
DA:27,0
DA:29,0
DA:31,0
DA:32,0
DA:50,0
DA:60,0
DA:63,0
DA:64,0
DA:66,0
DA:67,0
DA:70,0
DA:71,0
DA:72,0
LF:22
LH:1
end_of_record
SF:lib\presentation\features\perfil\pages\editar_perfil_pantalla.dart
DA:6,16
DA:8,0
DA:9,0
DA:22,0
DA:24,0
DA:25,0
DA:28,0
DA:30,0
DA:31,0
DA:32,0
DA:33,0
DA:34,0
DA:37,0
DA:38,0
DA:42,0
DA:45,0
DA:46,0
DA:47,0
DA:48,0
DA:51,0
DA:52,0
DA:53,0
DA:54,0
DA:56,0
DA:57,0
DA:58,0
DA:59,0
DA:60,0
DA:62,0
DA:63,0
DA:64,0
DA:68,0
DA:72,0
DA:73,0
DA:75,0
DA:78,0
DA:81,0
DA:83,0
DA:84,0
DA:85,0
DA:86,0
DA:88,0
DA:89,0
DA:90,0
DA:91,0
DA:93,0
DA:94,0
DA:100,0
DA:102,0
DA:103,0
DA:104,0
DA:105,0
DA:110,0
DA:114,0
DA:116,0
DA:117,0
DA:124,0
DA:126,0
DA:127,0
DA:129,0
DA:130,0
DA:131,0
DA:133,0
DA:143,0
DA:144,0
DA:149,0
DA:150,0
DA:165,0
DA:166,0
DA:171,0
DA:172,0
DA:178,0
DA:181,0
DA:182,0
DA:183,0
DA:186,0
DA:187,0
DA:190,0
DA:216,0
DA:222,0
DA:225,0
DA:227,0
DA:228,0
DA:229,0
DA:230,0
DA:234,0
DA:235,0
LF:87
LH:1
end_of_record
SF:lib\presentation\features\tratamiento\pages\exito_toma_pantalla.dart
DA:6,17
DA:8,0
DA:17,0
DA:19,0
DA:23,1
DA:25,1
DA:27,1
DA:28,1
DA:29,1
DA:31,1
DA:33,1
DA:34,1
DA:62,1
DA:65,1
DA:66,1
DA:68,1
DA:69,1
DA:72,0
DA:73,0
DA:74,0
LF:20
LH:14
end_of_record
SF:lib\presentation\splash\splash_screen.dart
DA:8,16
DA:10,0
DA:11,0
DA:15,0
DA:17,0
DA:18,0
DA:19,0
DA:22,0
DA:24,0
DA:26,0
DA:27,0
DA:29,0
DA:31,0
DA:33,0
DA:37,0
DA:38,0
DA:39,0
DA:40,0
DA:41,0
DA:45,0
DA:46,0
DA:47,0
DA:48,0
DA:49,0
DA:53,0
LF:25
LH:1
end_of_record
SF:lib\widgets\cargando_logo.dart
DA:4,16
DA:6,0
DA:8,0
DA:9,0
DA:11,0
DA:12,0
LF:6
LH:1
end_of_record
SF:lib\presentation\controllers\iniciar_tratamiento_controller.dart
DA:12,1
DA:16,0
DA:17,0
DA:20,1
DA:24,1
DA:28,0
DA:32,2
DA:34,1
DA:35,2
DA:36,1
DA:38,1
DA:39,2
DA:40,3
DA:41,2
DA:42,3
LF:15
LH:12
end_of_record
